#
# A fatal error has been detected by the Java Runtime Environment:
#
#  EXCEPTION_ACCESS_VIOLATION (0xc0000005) at pc=0x00007ffecb32787e, pid=8584, tid=11140
#
# JRE version: OpenJDK Runtime Environment (11.0.2+9) (build 11.0.2+9)
# Java VM: OpenJDK 64-Bit Server VM (11.0.2+9, mixed mode, tiered, compressed oops, g1 gc, windows-amd64)
# Problematic frame:
# C  [igxelpicd64.dll+0x1a787e]
#
# No core dump will be written. Minidumps are not enabled by default on client versions of Windows
#
# If you would like to submit a bug report, please visit:
#   http://bugreport.java.com/bugreport/crash.jsp
# The crash happened outside the Java Virtual Machine in native code.
# See problematic frame for where to report the bug.
#

---------------  S U M M A R Y ------------

Command Line: -ea -agentlib:jdwp=transport=dt_shmem,address=javadebug -Dfile.encoding=UTF-8 bluej.runtime.ExecServer UTF-8

Host: Intel(R) N100, 4 cores, 15G,  Windows 10 , 64 bit Build 22621 (10.0.22621.3527)
Time: Thu Jun  6 09:06:02 2024 Mitteleuropäische Sommerzeit elapsed time: 32 seconds (0d 0h 0m 32s)

---------------  T H R E A D  ---------------

Current thread (0x000001f1d3902800):  JavaThread "Java2D Queue Flusher" daemon [_thread_in_native, id=11140, stack(0x000000c94fc00000,0x000000c94fd00000)]

Stack: [0x000000c94fc00000,0x000000c94fd00000],  sp=0x000000c94fcfe3b0,  free space=1016k
Native frames: (J=compiled Java code, j=interpreted, Vv=VM code, C=native code)
C  [igxelpicd64.dll+0x1a787e]

Java frames: (J=compiled Java code, j=interpreted, Vv=VM code)
J 1700  sun.java2d.opengl.OGLRenderQueue.flushBuffer(JI)V java.desktop@11.0.2 (0 bytes) @ 0x000001f1bf97a38b [0x000001f1bf97a340+0x000000000000004b]
J 2288 c2 sun.java2d.opengl.OGLRenderQueue.flushBuffer()V java.desktop@11.0.2 (41 bytes) @ 0x000001f1bfa86ac4 [0x000001f1bfa86a60+0x0000000000000064]
j  sun.java2d.opengl.OGLRenderQueue$QueueFlusher.run()V+81 java.desktop@11.0.2
j  java.lang.Thread.run()V+11 java.base@11.0.2
v  ~StubRoutines::call_stub

siginfo: EXCEPTION_ACCESS_VIOLATION (0xc0000005), reading address 0x0000000000000008


Register to memory mapping:

RIP=0x00007ffecb32787e igxelpicd64.dll
RAX=0x0 is NULL
RBX=0x000001f1d91fbf40 points into unknown readable memory: 40 b3 b8 d3 f1 01 00 00
RCX=0x000001f1d91fbf40 points into unknown readable memory: 40 b3 b8 d3 f1 01 00 00
RDX=0x000000c94fcfe730 is pointing into the stack for thread: 0x000001f1d3902800
RSP=0x000000c94fcfe3b0 is pointing into the stack for thread: 0x000001f1d3902800
RBP=0x000000c94fcfe489 is pointing into the stack for thread: 0x000001f1d3902800
RSI=0x000000c94fcfe9e0 is pointing into the stack for thread: 0x000001f1d3902800
RDI=0x0000000000000008 is an unknown value
R8 =0x000001f1dc8e24a0 points into unknown readable memory: 00 25 7b d3 f1 01 00 00
R9 =0x0 is NULL
R10=0x000000c94fcfecd0 is pointing into the stack for thread: 0x000001f1d3902800
R11=0x000000000000001d is an unknown value
R12=0x000000c94fcfe730 is pointing into the stack for thread: 0x000001f1d3902800
R13=0x000001f1dc8e24a0 points into unknown readable memory: 00 25 7b d3 f1 01 00 00
R14=0x000000c94fcfe780 is pointing into the stack for thread: 0x000001f1d3902800
R15=0x000000c94fcfe9e0 is pointing into the stack for thread: 0x000001f1d3902800


Registers:
RAX=0x0000000000000000, RBX=0x000001f1d91fbf40, RCX=0x000001f1d91fbf40, RDX=0x000000c94fcfe730
RSP=0x000000c94fcfe3b0, RBP=0x000000c94fcfe489, RSI=0x000000c94fcfe9e0, RDI=0x0000000000000008
R8 =0x000001f1dc8e24a0, R9 =0x0000000000000000, R10=0x000000c94fcfecd0, R11=0x000000000000001d
R12=0x000000c94fcfe730, R13=0x000001f1dc8e24a0, R14=0x000000c94fcfe780, R15=0x000000c94fcfe9e0
RIP=0x00007ffecb32787e, EFLAGS=0x0000000000010287

Top of Stack: (sp=0x000000c94fcfe3b0)
0x000000c94fcfe3b0:   000001f1d91fbf40 000000c94fcfe4b0
0x000000c94fcfe3c0:   0000000000000000 00007ffecb19dee9
0x000000c94fcfe3d0:   000001f100000001 0000000000000000
0x000000c94fcfe3e0:   0000000000000000 0000000000000000
0x000000c94fcfe3f0:   000001f1dc7b3640 000000c94fcfe650
0x000000c94fcfe400:   0000000000000040 0000000000000040
0x000000c94fcfe410:   0000000000000000 00007ffecb34acec
0x000000c94fcfe420:   0000000000000000 ffffb80209200000
0x000000c94fcfe430:   000001f1d91b81f0 000001f1d91b8308
0x000000c94fcfe440:   0000000000000000 00007ffecb19a18f
0x000000c94fcfe450:   000001f1d37c6b40 00007ffecb489672
0x000000c94fcfe460:   000001f1d37b2500 000001f1d95c6850
0x000000c94fcfe470:   0000000000000001 00007ffecb33dcd0
0x000000c94fcfe480:   0000225c1f12ecb2 0000000000000008
0x000000c94fcfe490:   0000000000000008 000001f1d91fbf40
0x000000c94fcfe4a0:   000000000000001d 00007ffecb30a49a 

Instructions: (pc=0x00007ffecb32787e)
0x00007ffecb32785e:   f9 0f ba e8 1b 0f ba f0 17 0d 00 00 40 01 0f ba
0x00007ffecb32786e:   f0 13 0d 00 00 37 00 89 42 1c eb 6b 48 8b 45 4f
0x00007ffecb32787e:   48 8b 48 08 8b 41 14 83 f8 0a 74 31 83 f8 4e 75
0x00007ffecb32788e:   56 8b 0a 49 b8 00 00 00 00 00 40 00 00 48 8b 05 


Stack slot to memory mapping:
stack at sp + 0 slots: 0x000001f1d91fbf40 points into unknown readable memory: 40 b3 b8 d3 f1 01 00 00
stack at sp + 1 slots: 0x000000c94fcfe4b0 is pointing into the stack for thread: 0x000001f1d3902800
stack at sp + 2 slots: 0x0 is NULL
stack at sp + 3 slots: 0x00007ffecb19dee9 igxelpicd64.dll
stack at sp + 4 slots: 0x000001f100000001 is an unknown value
stack at sp + 5 slots: 0x0 is NULL
stack at sp + 6 slots: 0x0 is NULL
stack at sp + 7 slots: 0x0 is NULL


---------------  P R O C E S S  ---------------

Threads class SMR info:
_java_thread_list=0x000001f1d9c81560, length=22, elements={
0x000001f1d28ca000, 0x000001f1d28ce000, 0x000001f1d316f800, 0x000001f1d3170800,
0x000001f1d3173800, 0x000001f1d3177800, 0x000001f1d31be800, 0x000001f1d3343000,
0x000001f1d335b800, 0x000001f1d3369000, 0x000001f1d3990800, 0x000001f1d3829800,
0x000001f1afaf8000, 0x000001f1d3902800, 0x000001f1d9639800, 0x000001f1d9552000,
0x000001f1dc383000, 0x000001f1d9dfa800, 0x000001f1dbfb4800, 0x000001f1d9ad7000,
0x000001f1d9ad8000, 0x000001f1d9ada800
}

Java Threads: ( => current thread )
  0x000001f1d28ca000 JavaThread "Reference Handler" daemon [_thread_blocked, id=4392, stack(0x000000c94eb00000,0x000000c94ec00000)]
  0x000001f1d28ce000 JavaThread "Finalizer" daemon [_thread_blocked, id=5872, stack(0x000000c94ec00000,0x000000c94ed00000)]
  0x000001f1d316f800 JavaThread "Signal Dispatcher" daemon [_thread_blocked, id=1696, stack(0x000000c94ed00000,0x000000c94ee00000)]
  0x000001f1d3170800 JavaThread "Attach Listener" daemon [_thread_blocked, id=4204, stack(0x000000c94ee00000,0x000000c94ef00000)]
  0x000001f1d3173800 JavaThread "C2 CompilerThread0" daemon [_thread_blocked, id=1040, stack(0x000000c94ef00000,0x000000c94f000000)]
  0x000001f1d3177800 JavaThread "C1 CompilerThread0" daemon [_thread_blocked, id=3540, stack(0x000000c94f000000,0x000000c94f100000)]
  0x000001f1d31be800 JavaThread "Sweeper thread" daemon [_thread_blocked, id=4776, stack(0x000000c94f100000,0x000000c94f200000)]
  0x000001f1d3343000 JavaThread "JDWP Event Helper Thread" daemon [_thread_blocked, id=2228, stack(0x000000c94f300000,0x000000c94f400000)]
  0x000001f1d335b800 JavaThread "Service Thread" daemon [_thread_blocked, id=1256, stack(0x000000c94f500000,0x000000c94f600000)]
  0x000001f1d3369000 JavaThread "Common-Cleaner" daemon [_thread_blocked, id=10888, stack(0x000000c94f700000,0x000000c94f800000)]
  0x000001f1d3990800 JavaThread "Java2D Disposer" daemon [_thread_blocked, id=10784, stack(0x000000c94f900000,0x000000c94fa00000)]
  0x000001f1d3829800 JavaThread "BlueJ worker thread" [_thread_blocked, id=8768, stack(0x000000c94fd00000,0x000000c94fe00000)]
  0x000001f1afaf8000 JavaThread "DestroyJavaVM" [_thread_blocked, id=6568, stack(0x000000c94e400000,0x000000c94e500000)]
=>0x000001f1d3902800 JavaThread "Java2D Queue Flusher" daemon [_thread_in_native, id=11140, stack(0x000000c94fc00000,0x000000c94fd00000)]
  0x000001f1d9639800 JavaThread "AWT-Shutdown" [_thread_blocked, id=4248, stack(0x000000c950500000,0x000000c950600000)]
  0x000001f1d9552000 JavaThread "AWT-EventQueue-0" [_thread_blocked, id=664, stack(0x000000c950600000,0x000000c950700000)]
  0x000001f1dc383000 JavaThread "ea.main" [_thread_blocked, id=1388, stack(0x000000c950c00000,0x000000c950d00000)]
  0x000001f1d9dfa800 JavaThread "ea.rendering" [_thread_blocked, id=1504, stack(0x000000c94f800000,0x000000c94f900000)]
  0x000001f1dbfb4800 JavaThread "pool-1-thread-1" [_thread_blocked, id=7684, stack(0x000000c950d00000,0x000000c950e00000)]
  0x000001f1d9ad7000 JavaThread "QuantumRenderer-0" daemon [_thread_blocked, id=10876, stack(0x000000c950f00000,0x000000c951000000)]
  0x000001f1d9ad8000 JavaThread "main" [_thread_blocked, id=9404, stack(0x000000c951400000,0x000000c951500000)]
  0x000001f1d9ada800 JavaThread "pool-1-thread-2" [_thread_blocked, id=2828, stack(0x000000c94fa00000,0x000000c94fb00000)]

Other Threads:
  0x000001f1d28a5800 VMThread "VM Thread" [stack: 0x000000c94ea00000,0x000000c94eb00000] [id=7052]
  0x000001f1d335c800 WatcherThread [stack: 0x000000c94f600000,0x000000c94f700000] [id=4192]
  0x000001f1afb0c000 GCTaskThread "GC Thread#0" [stack: 0x000000c94e500000,0x000000c94e600000] [id=10272]
  0x000001f1d9668800 GCTaskThread "GC Thread#1" [stack: 0x000000c950700000,0x000000c950800000] [id=3104]
  0x000001f1d9669800 GCTaskThread "GC Thread#2" [stack: 0x000000c950800000,0x000000c950900000] [id=7400]
  0x000001f1d966a000 GCTaskThread "GC Thread#3" [stack: 0x000000c950900000,0x000000c950a00000] [id=3492]
  0x000001f1afb6b000 ConcurrentGCThread "G1 Main Marker" [stack: 0x000000c94e600000,0x000000c94e700000] [id=3036]
  0x000001f1afb6d000 ConcurrentGCThread "G1 Conc#0" [stack: 0x000000c94e700000,0x000000c94e800000] [id=10460]
  0x000001f1afbce000 ConcurrentGCThread "G1 Refine#0" [stack: 0x000000c94e800000,0x000000c94e900000] [id=11064]
  0x000001f1d3491800 ConcurrentGCThread "G1 Refine#1" [stack: 0x000000c950a00000,0x000000c950b00000] [id=7636]
  0x000001f1d278e800 ConcurrentGCThread "G1 Young RemSet Sampling" [stack: 0x000000c94e900000,0x000000c94ea00000] [id=8788]

Threads with active compile tasks:

VM state:not at safepoint (normal execution)

VM Mutex/Monitor currently owned by a thread: None

Heap address: 0x0000000704000000, size: 4032 MB, Compressed Oops mode: Zero based, Oop shift amount: 3
Narrow klass base: 0x0000000800000000, Narrow klass shift: 0
Compressed class space size: 1073741824 Address: 0x0000000800000000

Heap:
 garbage-first heap   total 258048K, used 48566K [0x0000000704000000, 0x0000000800000000)
  region size 1024K, 30 young (30720K), 3 survivors (3072K)
 Metaspace       used 18908K, capacity 19454K, committed 19584K, reserved 1067008K
  class space    used 1910K, capacity 2153K, committed 2176K, reserved 1048576K
Heap Regions: E=young(eden), S=young(survivor), O=old, HS=humongous(starts), HC=humongous(continues), CS=collection set, F=free, A=archive, TAMS=top-at-mark-start (previous, next)
|   0|0x0000000704000000, 0x0000000704100000, 0x0000000704100000|100%| O|  |TAMS 0x0000000704000000, 0x0000000704000000| Untracked 
|   1|0x0000000704100000, 0x0000000704200000, 0x0000000704200000|100%| O|  |TAMS 0x0000000704100000, 0x0000000704100000| Untracked 
|   2|0x0000000704200000, 0x0000000704300000, 0x0000000704300000|100%|HS|  |TAMS 0x0000000704200000, 0x0000000704200000| Complete 
|   3|0x0000000704300000, 0x0000000704400000, 0x0000000704400000|100%|HC|  |TAMS 0x0000000704300000, 0x0000000704300000| Complete 
|   4|0x0000000704400000, 0x0000000704500000, 0x0000000704500000|100%|HC|  |TAMS 0x0000000704400000, 0x0000000704400000| Complete 
|   5|0x0000000704500000, 0x0000000704600000, 0x0000000704600000|100%|HC|  |TAMS 0x0000000704500000, 0x0000000704500000| Complete 
|   6|0x0000000704600000, 0x0000000704700000, 0x0000000704700000|100%|HC|  |TAMS 0x0000000704600000, 0x0000000704600000| Complete 
|   7|0x0000000704700000, 0x0000000704800000, 0x0000000704800000|100%| O|  |TAMS 0x0000000704700000, 0x0000000704700000| Untracked 
|   8|0x0000000704800000, 0x00000007048ff200, 0x0000000704900000| 99%| O|  |TAMS 0x0000000704800000, 0x0000000704800000| Untracked 
|   9|0x0000000704900000, 0x0000000704a00000, 0x0000000704a00000|100%|HS|  |TAMS 0x0000000704900000, 0x0000000704900000| Complete 
|  10|0x0000000704a00000, 0x0000000704b00000, 0x0000000704b00000|100%|HC|  |TAMS 0x0000000704a00000, 0x0000000704a00000| Complete 
|  11|0x0000000704b00000, 0x0000000704c00000, 0x0000000704c00000|100%|HC|  |TAMS 0x0000000704b00000, 0x0000000704b00000| Complete 
|  12|0x0000000704c00000, 0x0000000704d00000, 0x0000000704d00000|100%|HC|  |TAMS 0x0000000704c00000, 0x0000000704c00000| Complete 
|  13|0x0000000704d00000, 0x0000000704e00000, 0x0000000704e00000|100%|HC|  |TAMS 0x0000000704d00000, 0x0000000704d00000| Complete 
|  14|0x0000000704e00000, 0x0000000704f00000, 0x0000000704f00000|100%|HS|  |TAMS 0x0000000704e00000, 0x0000000704e00000| Complete 
|  15|0x0000000704f00000, 0x0000000705000000, 0x0000000705000000|100%|HC|  |TAMS 0x0000000704f00000, 0x0000000704f00000| Complete 
|  16|0x0000000705000000, 0x0000000705100000, 0x0000000705100000|100%|HC|  |TAMS 0x0000000705000000, 0x0000000705000000| Complete 
|  17|0x0000000705100000, 0x0000000705200000, 0x0000000705200000|100%|HC|  |TAMS 0x0000000705100000, 0x0000000705100000| Complete 
|  18|0x0000000705200000, 0x0000000705300000, 0x0000000705300000|100%|HC|  |TAMS 0x0000000705200000, 0x0000000705200000| Complete 
|  19|0x0000000705300000, 0x0000000705300000, 0x0000000705400000|  0%| F|  |TAMS 0x0000000705300000, 0x0000000705300000| Untracked 
|  20|0x0000000705400000, 0x0000000705400000, 0x0000000705500000|  0%| F|  |TAMS 0x0000000705400000, 0x0000000705400000| Untracked 
|  21|0x0000000705500000, 0x0000000705500000, 0x0000000705600000|  0%| F|  |TAMS 0x0000000705500000, 0x0000000705500000| Untracked 
|  22|0x0000000705600000, 0x0000000705600000, 0x0000000705700000|  0%| F|  |TAMS 0x0000000705600000, 0x0000000705600000| Untracked 
|  23|0x0000000705700000, 0x0000000705700000, 0x0000000705800000|  0%| F|  |TAMS 0x0000000705700000, 0x0000000705700000| Untracked 
|  24|0x0000000705800000, 0x0000000705800000, 0x0000000705900000|  0%| F|  |TAMS 0x0000000705800000, 0x0000000705800000| Untracked 
|  25|0x0000000705900000, 0x0000000705900000, 0x0000000705a00000|  0%| F|  |TAMS 0x0000000705900000, 0x0000000705900000| Untracked 
|  26|0x0000000705a00000, 0x0000000705a00000, 0x0000000705b00000|  0%| F|  |TAMS 0x0000000705a00000, 0x0000000705a00000| Untracked 
|  27|0x0000000705b00000, 0x0000000705b00000, 0x0000000705c00000|  0%| F|  |TAMS 0x0000000705b00000, 0x0000000705b00000| Untracked 
|  28|0x0000000705c00000, 0x0000000705c00000, 0x0000000705d00000|  0%| F|  |TAMS 0x0000000705c00000, 0x0000000705c00000| Untracked 
|  29|0x0000000705d00000, 0x0000000705d00000, 0x0000000705e00000|  0%| F|  |TAMS 0x0000000705d00000, 0x0000000705d00000| Untracked 
|  30|0x0000000705e00000, 0x0000000705e00000, 0x0000000705f00000|  0%| F|  |TAMS 0x0000000705e00000, 0x0000000705e00000| Untracked 
|  31|0x0000000705f00000, 0x0000000705f00000, 0x0000000706000000|  0%| F|  |TAMS 0x0000000705f00000, 0x0000000705f00000| Untracked 
|  32|0x0000000706000000, 0x0000000706000000, 0x0000000706100000|  0%| F|  |TAMS 0x0000000706000000, 0x0000000706000000| Untracked 
|  33|0x0000000706100000, 0x0000000706100000, 0x0000000706200000|  0%| F|  |TAMS 0x0000000706100000, 0x0000000706100000| Untracked 
|  34|0x0000000706200000, 0x0000000706200000, 0x0000000706300000|  0%| F|  |TAMS 0x0000000706200000, 0x0000000706200000| Untracked 
|  35|0x0000000706300000, 0x0000000706300000, 0x0000000706400000|  0%| F|  |TAMS 0x0000000706300000, 0x0000000706300000| Untracked 
|  36|0x0000000706400000, 0x0000000706400000, 0x0000000706500000|  0%| F|  |TAMS 0x0000000706400000, 0x0000000706400000| Untracked 
|  37|0x0000000706500000, 0x0000000706500000, 0x0000000706600000|  0%| F|  |TAMS 0x0000000706500000, 0x0000000706500000| Untracked 
|  38|0x0000000706600000, 0x0000000706600000, 0x0000000706700000|  0%| F|  |TAMS 0x0000000706600000, 0x0000000706600000| Untracked 
|  39|0x0000000706700000, 0x0000000706700000, 0x0000000706800000|  0%| F|  |TAMS 0x0000000706700000, 0x0000000706700000| Untracked 
|  40|0x0000000706800000, 0x0000000706800000, 0x0000000706900000|  0%| F|  |TAMS 0x0000000706800000, 0x0000000706800000| Untracked 
|  41|0x0000000706900000, 0x0000000706900000, 0x0000000706a00000|  0%| F|  |TAMS 0x0000000706900000, 0x0000000706900000| Untracked 
|  42|0x0000000706a00000, 0x0000000706a00000, 0x0000000706b00000|  0%| F|  |TAMS 0x0000000706a00000, 0x0000000706a00000| Untracked 
|  43|0x0000000706b00000, 0x0000000706b00000, 0x0000000706c00000|  0%| F|  |TAMS 0x0000000706b00000, 0x0000000706b00000| Untracked 
|  44|0x0000000706c00000, 0x0000000706c00000, 0x0000000706d00000|  0%| F|  |TAMS 0x0000000706c00000, 0x0000000706c00000| Untracked 
|  45|0x0000000706d00000, 0x0000000706d00000, 0x0000000706e00000|  0%| F|  |TAMS 0x0000000706d00000, 0x0000000706d00000| Untracked 
|  46|0x0000000706e00000, 0x0000000706e00000, 0x0000000706f00000|  0%| F|  |TAMS 0x0000000706e00000, 0x0000000706e00000| Untracked 
|  47|0x0000000706f00000, 0x0000000706f00000, 0x0000000707000000|  0%| F|  |TAMS 0x0000000706f00000, 0x0000000706f00000| Untracked 
|  48|0x0000000707000000, 0x0000000707000000, 0x0000000707100000|  0%| F|  |TAMS 0x0000000707000000, 0x0000000707000000| Untracked 
|  49|0x0000000707100000, 0x0000000707100000, 0x0000000707200000|  0%| F|  |TAMS 0x0000000707100000, 0x0000000707100000| Untracked 
|  50|0x0000000707200000, 0x0000000707200000, 0x0000000707300000|  0%| F|  |TAMS 0x0000000707200000, 0x0000000707200000| Untracked 
|  51|0x0000000707300000, 0x0000000707300000, 0x0000000707400000|  0%| F|  |TAMS 0x0000000707300000, 0x0000000707300000| Untracked 
|  52|0x0000000707400000, 0x0000000707400000, 0x0000000707500000|  0%| F|  |TAMS 0x0000000707400000, 0x0000000707400000| Untracked 
|  53|0x0000000707500000, 0x0000000707500000, 0x0000000707600000|  0%| F|  |TAMS 0x0000000707500000, 0x0000000707500000| Untracked 
|  54|0x0000000707600000, 0x0000000707600000, 0x0000000707700000|  0%| F|  |TAMS 0x0000000707600000, 0x0000000707600000| Untracked 
|  55|0x0000000707700000, 0x0000000707700000, 0x0000000707800000|  0%| F|  |TAMS 0x0000000707700000, 0x0000000707700000| Untracked 
|  56|0x0000000707800000, 0x0000000707800000, 0x0000000707900000|  0%| F|  |TAMS 0x0000000707800000, 0x0000000707800000| Untracked 
|  57|0x0000000707900000, 0x0000000707900000, 0x0000000707a00000|  0%| F|  |TAMS 0x0000000707900000, 0x0000000707900000| Untracked 
|  58|0x0000000707a00000, 0x0000000707a00000, 0x0000000707b00000|  0%| F|  |TAMS 0x0000000707a00000, 0x0000000707a00000| Untracked 
|  59|0x0000000707b00000, 0x0000000707b00000, 0x0000000707c00000|  0%| F|  |TAMS 0x0000000707b00000, 0x0000000707b00000| Untracked 
|  60|0x0000000707c00000, 0x0000000707c00000, 0x0000000707d00000|  0%| F|  |TAMS 0x0000000707c00000, 0x0000000707c00000| Untracked 
|  61|0x0000000707d00000, 0x0000000707d00000, 0x0000000707e00000|  0%| F|  |TAMS 0x0000000707d00000, 0x0000000707d00000| Untracked 
|  62|0x0000000707e00000, 0x0000000707e00000, 0x0000000707f00000|  0%| F|  |TAMS 0x0000000707e00000, 0x0000000707e00000| Untracked 
|  63|0x0000000707f00000, 0x0000000707f00000, 0x0000000708000000|  0%| F|  |TAMS 0x0000000707f00000, 0x0000000707f00000| Untracked 
|  64|0x0000000708000000, 0x0000000708000000, 0x0000000708100000|  0%| F|  |TAMS 0x0000000708000000, 0x0000000708000000| Untracked 
|  65|0x0000000708100000, 0x0000000708100000, 0x0000000708200000|  0%| F|  |TAMS 0x0000000708100000, 0x0000000708100000| Untracked 
|  66|0x0000000708200000, 0x0000000708200000, 0x0000000708300000|  0%| F|  |TAMS 0x0000000708200000, 0x0000000708200000| Untracked 
|  67|0x0000000708300000, 0x0000000708300000, 0x0000000708400000|  0%| F|  |TAMS 0x0000000708300000, 0x0000000708300000| Untracked 
|  68|0x0000000708400000, 0x0000000708400000, 0x0000000708500000|  0%| F|  |TAMS 0x0000000708400000, 0x0000000708400000| Untracked 
|  69|0x0000000708500000, 0x0000000708500000, 0x0000000708600000|  0%| F|  |TAMS 0x0000000708500000, 0x0000000708500000| Untracked 
|  70|0x0000000708600000, 0x0000000708600000, 0x0000000708700000|  0%| F|  |TAMS 0x0000000708600000, 0x0000000708600000| Untracked 
|  71|0x0000000708700000, 0x0000000708700000, 0x0000000708800000|  0%| F|  |TAMS 0x0000000708700000, 0x0000000708700000| Untracked 
|  72|0x0000000708800000, 0x0000000708800000, 0x0000000708900000|  0%| F|  |TAMS 0x0000000708800000, 0x0000000708800000| Untracked 
|  73|0x0000000708900000, 0x0000000708900000, 0x0000000708a00000|  0%| F|  |TAMS 0x0000000708900000, 0x0000000708900000| Untracked 
|  74|0x0000000708a00000, 0x0000000708a00000, 0x0000000708b00000|  0%| F|  |TAMS 0x0000000708a00000, 0x0000000708a00000| Untracked 
|  75|0x0000000708b00000, 0x0000000708b00000, 0x0000000708c00000|  0%| F|  |TAMS 0x0000000708b00000, 0x0000000708b00000| Untracked 
|  76|0x0000000708c00000, 0x0000000708c00000, 0x0000000708d00000|  0%| F|  |TAMS 0x0000000708c00000, 0x0000000708c00000| Untracked 
|  77|0x0000000708d00000, 0x0000000708d00000, 0x0000000708e00000|  0%| F|  |TAMS 0x0000000708d00000, 0x0000000708d00000| Untracked 
|  78|0x0000000708e00000, 0x0000000708e00000, 0x0000000708f00000|  0%| F|  |TAMS 0x0000000708e00000, 0x0000000708e00000| Untracked 
|  79|0x0000000708f00000, 0x0000000708f00000, 0x0000000709000000|  0%| F|  |TAMS 0x0000000708f00000, 0x0000000708f00000| Untracked 
|  80|0x0000000709000000, 0x0000000709000000, 0x0000000709100000|  0%| F|  |TAMS 0x0000000709000000, 0x0000000709000000| Untracked 
|  81|0x0000000709100000, 0x0000000709100000, 0x0000000709200000|  0%| F|  |TAMS 0x0000000709100000, 0x0000000709100000| Untracked 
|  82|0x0000000709200000, 0x0000000709200000, 0x0000000709300000|  0%| F|  |TAMS 0x0000000709200000, 0x0000000709200000| Untracked 
|  83|0x0000000709300000, 0x0000000709300000, 0x0000000709400000|  0%| F|  |TAMS 0x0000000709300000, 0x0000000709300000| Untracked 
|  84|0x0000000709400000, 0x0000000709400000, 0x0000000709500000|  0%| F|  |TAMS 0x0000000709400000, 0x0000000709400000| Untracked 
|  85|0x0000000709500000, 0x0000000709500000, 0x0000000709600000|  0%| F|  |TAMS 0x0000000709500000, 0x0000000709500000| Untracked 
|  86|0x0000000709600000, 0x0000000709600000, 0x0000000709700000|  0%| F|  |TAMS 0x0000000709600000, 0x0000000709600000| Untracked 
|  87|0x0000000709700000, 0x0000000709700000, 0x0000000709800000|  0%| F|  |TAMS 0x0000000709700000, 0x0000000709700000| Untracked 
|  88|0x0000000709800000, 0x0000000709800000, 0x0000000709900000|  0%| F|  |TAMS 0x0000000709800000, 0x0000000709800000| Untracked 
|  89|0x0000000709900000, 0x0000000709900000, 0x0000000709a00000|  0%| F|  |TAMS 0x0000000709900000, 0x0000000709900000| Untracked 
|  90|0x0000000709a00000, 0x0000000709a00000, 0x0000000709b00000|  0%| F|  |TAMS 0x0000000709a00000, 0x0000000709a00000| Untracked 
|  91|0x0000000709b00000, 0x0000000709b00000, 0x0000000709c00000|  0%| F|  |TAMS 0x0000000709b00000, 0x0000000709b00000| Untracked 
|  92|0x0000000709c00000, 0x0000000709c00000, 0x0000000709d00000|  0%| F|  |TAMS 0x0000000709c00000, 0x0000000709c00000| Untracked 
|  93|0x0000000709d00000, 0x0000000709d00000, 0x0000000709e00000|  0%| F|  |TAMS 0x0000000709d00000, 0x0000000709d00000| Untracked 
|  94|0x0000000709e00000, 0x0000000709e00000, 0x0000000709f00000|  0%| F|  |TAMS 0x0000000709e00000, 0x0000000709e00000| Untracked 
|  95|0x0000000709f00000, 0x0000000709f00000, 0x000000070a000000|  0%| F|  |TAMS 0x0000000709f00000, 0x0000000709f00000| Untracked 
|  96|0x000000070a000000, 0x000000070a000000, 0x000000070a100000|  0%| F|  |TAMS 0x000000070a000000, 0x000000070a000000| Untracked 
|  97|0x000000070a100000, 0x000000070a100000, 0x000000070a200000|  0%| F|  |TAMS 0x000000070a100000, 0x000000070a100000| Untracked 
|  98|0x000000070a200000, 0x000000070a200000, 0x000000070a300000|  0%| F|  |TAMS 0x000000070a200000, 0x000000070a200000| Untracked 
|  99|0x000000070a300000, 0x000000070a300000, 0x000000070a400000|  0%| F|  |TAMS 0x000000070a300000, 0x000000070a300000| Untracked 
| 100|0x000000070a400000, 0x000000070a400000, 0x000000070a500000|  0%| F|  |TAMS 0x000000070a400000, 0x000000070a400000| Untracked 
| 101|0x000000070a500000, 0x000000070a500000, 0x000000070a600000|  0%| F|  |TAMS 0x000000070a500000, 0x000000070a500000| Untracked 
| 102|0x000000070a600000, 0x000000070a600000, 0x000000070a700000|  0%| F|  |TAMS 0x000000070a600000, 0x000000070a600000| Untracked 
| 103|0x000000070a700000, 0x000000070a700000, 0x000000070a800000|  0%| F|  |TAMS 0x000000070a700000, 0x000000070a700000| Untracked 
| 104|0x000000070a800000, 0x000000070a800000, 0x000000070a900000|  0%| F|  |TAMS 0x000000070a800000, 0x000000070a800000| Untracked 
| 105|0x000000070a900000, 0x000000070a900000, 0x000000070aa00000|  0%| F|  |TAMS 0x000000070a900000, 0x000000070a900000| Untracked 
| 106|0x000000070aa00000, 0x000000070aa00000, 0x000000070ab00000|  0%| F|  |TAMS 0x000000070aa00000, 0x000000070aa00000| Untracked 
| 107|0x000000070ab00000, 0x000000070ab00000, 0x000000070ac00000|  0%| F|  |TAMS 0x000000070ab00000, 0x000000070ab00000| Untracked 
| 108|0x000000070ac00000, 0x000000070ac00000, 0x000000070ad00000|  0%| F|  |TAMS 0x000000070ac00000, 0x000000070ac00000| Untracked 
| 109|0x000000070ad00000, 0x000000070ad00000, 0x000000070ae00000|  0%| F|  |TAMS 0x000000070ad00000, 0x000000070ad00000| Untracked 
| 110|0x000000070ae00000, 0x000000070ae00000, 0x000000070af00000|  0%| F|  |TAMS 0x000000070ae00000, 0x000000070ae00000| Untracked 
| 111|0x000000070af00000, 0x000000070af00000, 0x000000070b000000|  0%| F|  |TAMS 0x000000070af00000, 0x000000070af00000| Untracked 
| 112|0x000000070b000000, 0x000000070b000000, 0x000000070b100000|  0%| F|  |TAMS 0x000000070b000000, 0x000000070b000000| Untracked 
| 113|0x000000070b100000, 0x000000070b100000, 0x000000070b200000|  0%| F|  |TAMS 0x000000070b100000, 0x000000070b100000| Untracked 
| 114|0x000000070b200000, 0x000000070b200000, 0x000000070b300000|  0%| F|  |TAMS 0x000000070b200000, 0x000000070b200000| Untracked 
| 115|0x000000070b300000, 0x000000070b300000, 0x000000070b400000|  0%| F|  |TAMS 0x000000070b300000, 0x000000070b300000| Untracked 
| 116|0x000000070b400000, 0x000000070b400000, 0x000000070b500000|  0%| F|  |TAMS 0x000000070b400000, 0x000000070b400000| Untracked 
| 117|0x000000070b500000, 0x000000070b500000, 0x000000070b600000|  0%| F|  |TAMS 0x000000070b500000, 0x000000070b500000| Untracked 
| 118|0x000000070b600000, 0x000000070b600000, 0x000000070b700000|  0%| F|  |TAMS 0x000000070b600000, 0x000000070b600000| Untracked 
| 119|0x000000070b700000, 0x000000070b700000, 0x000000070b800000|  0%| F|  |TAMS 0x000000070b700000, 0x000000070b700000| Untracked 
| 120|0x000000070b800000, 0x000000070b800000, 0x000000070b900000|  0%| F|  |TAMS 0x000000070b800000, 0x000000070b800000| Untracked 
| 121|0x000000070b900000, 0x000000070b900000, 0x000000070ba00000|  0%| F|  |TAMS 0x000000070b900000, 0x000000070b900000| Untracked 
| 122|0x000000070ba00000, 0x000000070ba00000, 0x000000070bb00000|  0%| F|  |TAMS 0x000000070ba00000, 0x000000070ba00000| Untracked 
| 123|0x000000070bb00000, 0x000000070bb00000, 0x000000070bc00000|  0%| F|  |TAMS 0x000000070bb00000, 0x000000070bb00000| Untracked 
| 124|0x000000070bc00000, 0x000000070bc00000, 0x000000070bd00000|  0%| F|  |TAMS 0x000000070bc00000, 0x000000070bc00000| Untracked 
| 125|0x000000070bd00000, 0x000000070bd00000, 0x000000070be00000|  0%| F|  |TAMS 0x000000070bd00000, 0x000000070bd00000| Untracked 
| 126|0x000000070be00000, 0x000000070be00000, 0x000000070bf00000|  0%| F|  |TAMS 0x000000070be00000, 0x000000070be00000| Untracked 
| 127|0x000000070bf00000, 0x000000070bf00000, 0x000000070c000000|  0%| F|  |TAMS 0x000000070bf00000, 0x000000070bf00000| Untracked 
| 128|0x000000070c000000, 0x000000070c000000, 0x000000070c100000|  0%| F|  |TAMS 0x000000070c000000, 0x000000070c000000| Untracked 
| 129|0x000000070c100000, 0x000000070c100000, 0x000000070c200000|  0%| F|  |TAMS 0x000000070c100000, 0x000000070c100000| Untracked 
| 130|0x000000070c200000, 0x000000070c200000, 0x000000070c300000|  0%| F|  |TAMS 0x000000070c200000, 0x000000070c200000| Untracked 
| 131|0x000000070c300000, 0x000000070c300000, 0x000000070c400000|  0%| F|  |TAMS 0x000000070c300000, 0x000000070c300000| Untracked 
| 132|0x000000070c400000, 0x000000070c400000, 0x000000070c500000|  0%| F|  |TAMS 0x000000070c400000, 0x000000070c400000| Untracked 
| 133|0x000000070c500000, 0x000000070c500000, 0x000000070c600000|  0%| F|  |TAMS 0x000000070c500000, 0x000000070c500000| Untracked 
| 134|0x000000070c600000, 0x000000070c600000, 0x000000070c700000|  0%| F|  |TAMS 0x000000070c600000, 0x000000070c600000| Untracked 
| 135|0x000000070c700000, 0x000000070c700000, 0x000000070c800000|  0%| F|  |TAMS 0x000000070c700000, 0x000000070c700000| Untracked 
| 136|0x000000070c800000, 0x000000070c800000, 0x000000070c900000|  0%| F|  |TAMS 0x000000070c800000, 0x000000070c800000| Untracked 
| 137|0x000000070c900000, 0x000000070c900000, 0x000000070ca00000|  0%| F|  |TAMS 0x000000070c900000, 0x000000070c900000| Untracked 
| 138|0x000000070ca00000, 0x000000070ca00000, 0x000000070cb00000|  0%| F|  |TAMS 0x000000070ca00000, 0x000000070ca00000| Untracked 
| 139|0x000000070cb00000, 0x000000070cb00000, 0x000000070cc00000|  0%| F|  |TAMS 0x000000070cb00000, 0x000000070cb00000| Untracked 
| 140|0x000000070cc00000, 0x000000070cc00000, 0x000000070cd00000|  0%| F|  |TAMS 0x000000070cc00000, 0x000000070cc00000| Untracked 
| 141|0x000000070cd00000, 0x000000070cd00000, 0x000000070ce00000|  0%| F|  |TAMS 0x000000070cd00000, 0x000000070cd00000| Untracked 
| 142|0x000000070ce00000, 0x000000070ce00000, 0x000000070cf00000|  0%| F|  |TAMS 0x000000070ce00000, 0x000000070ce00000| Untracked 
| 143|0x000000070cf00000, 0x000000070cf00000, 0x000000070d000000|  0%| F|  |TAMS 0x000000070cf00000, 0x000000070cf00000| Untracked 
| 144|0x000000070d000000, 0x000000070d000000, 0x000000070d100000|  0%| F|  |TAMS 0x000000070d000000, 0x000000070d000000| Untracked 
| 145|0x000000070d100000, 0x000000070d100000, 0x000000070d200000|  0%| F|  |TAMS 0x000000070d100000, 0x000000070d100000| Untracked 
| 146|0x000000070d200000, 0x000000070d200000, 0x000000070d300000|  0%| F|  |TAMS 0x000000070d200000, 0x000000070d200000| Untracked 
| 147|0x000000070d300000, 0x000000070d300000, 0x000000070d400000|  0%| F|  |TAMS 0x000000070d300000, 0x000000070d300000| Untracked 
| 148|0x000000070d400000, 0x000000070d400000, 0x000000070d500000|  0%| F|  |TAMS 0x000000070d400000, 0x000000070d400000| Untracked 
| 149|0x000000070d500000, 0x000000070d500000, 0x000000070d600000|  0%| F|  |TAMS 0x000000070d500000, 0x000000070d500000| Untracked 
| 150|0x000000070d600000, 0x000000070d600000, 0x000000070d700000|  0%| F|  |TAMS 0x000000070d600000, 0x000000070d600000| Untracked 
| 151|0x000000070d700000, 0x000000070d700000, 0x000000070d800000|  0%| F|  |TAMS 0x000000070d700000, 0x000000070d700000| Untracked 
| 152|0x000000070d800000, 0x000000070d800000, 0x000000070d900000|  0%| F|  |TAMS 0x000000070d800000, 0x000000070d800000| Untracked 
| 153|0x000000070d900000, 0x000000070d900000, 0x000000070da00000|  0%| F|  |TAMS 0x000000070d900000, 0x000000070d900000| Untracked 
| 154|0x000000070da00000, 0x000000070da00000, 0x000000070db00000|  0%| F|  |TAMS 0x000000070da00000, 0x000000070da00000| Untracked 
| 155|0x000000070db00000, 0x000000070db00000, 0x000000070dc00000|  0%| F|  |TAMS 0x000000070db00000, 0x000000070db00000| Untracked 
| 156|0x000000070dc00000, 0x000000070dc00000, 0x000000070dd00000|  0%| F|  |TAMS 0x000000070dc00000, 0x000000070dc00000| Untracked 
| 157|0x000000070dd00000, 0x000000070dd00000, 0x000000070de00000|  0%| F|  |TAMS 0x000000070dd00000, 0x000000070dd00000| Untracked 
| 158|0x000000070de00000, 0x000000070de00000, 0x000000070df00000|  0%| F|  |TAMS 0x000000070de00000, 0x000000070de00000| Untracked 
| 159|0x000000070df00000, 0x000000070df00000, 0x000000070e000000|  0%| F|  |TAMS 0x000000070df00000, 0x000000070df00000| Untracked 
| 160|0x000000070e000000, 0x000000070e000000, 0x000000070e100000|  0%| F|  |TAMS 0x000000070e000000, 0x000000070e000000| Untracked 
| 161|0x000000070e100000, 0x000000070e100000, 0x000000070e200000|  0%| F|  |TAMS 0x000000070e100000, 0x000000070e100000| Untracked 
| 162|0x000000070e200000, 0x000000070e200000, 0x000000070e300000|  0%| F|  |TAMS 0x000000070e200000, 0x000000070e200000| Untracked 
| 163|0x000000070e300000, 0x000000070e300000, 0x000000070e400000|  0%| F|  |TAMS 0x000000070e300000, 0x000000070e300000| Untracked 
| 164|0x000000070e400000, 0x000000070e400000, 0x000000070e500000|  0%| F|  |TAMS 0x000000070e400000, 0x000000070e400000| Untracked 
| 165|0x000000070e500000, 0x000000070e500000, 0x000000070e600000|  0%| F|  |TAMS 0x000000070e500000, 0x000000070e500000| Untracked 
| 166|0x000000070e600000, 0x000000070e600000, 0x000000070e700000|  0%| F|  |TAMS 0x000000070e600000, 0x000000070e600000| Untracked 
| 167|0x000000070e700000, 0x000000070e700000, 0x000000070e800000|  0%| F|  |TAMS 0x000000070e700000, 0x000000070e700000| Untracked 
| 168|0x000000070e800000, 0x000000070e800000, 0x000000070e900000|  0%| F|  |TAMS 0x000000070e800000, 0x000000070e800000| Untracked 
| 169|0x000000070e900000, 0x000000070e900000, 0x000000070ea00000|  0%| F|  |TAMS 0x000000070e900000, 0x000000070e900000| Untracked 
| 170|0x000000070ea00000, 0x000000070ea00000, 0x000000070eb00000|  0%| F|  |TAMS 0x000000070ea00000, 0x000000070ea00000| Untracked 
| 171|0x000000070eb00000, 0x000000070eb00000, 0x000000070ec00000|  0%| F|  |TAMS 0x000000070eb00000, 0x000000070eb00000| Untracked 
| 172|0x000000070ec00000, 0x000000070ec00000, 0x000000070ed00000|  0%| F|  |TAMS 0x000000070ec00000, 0x000000070ec00000| Untracked 
| 173|0x000000070ed00000, 0x000000070ed00000, 0x000000070ee00000|  0%| F|  |TAMS 0x000000070ed00000, 0x000000070ed00000| Untracked 
| 174|0x000000070ee00000, 0x000000070ee00000, 0x000000070ef00000|  0%| F|  |TAMS 0x000000070ee00000, 0x000000070ee00000| Untracked 
| 175|0x000000070ef00000, 0x000000070ef00000, 0x000000070f000000|  0%| F|  |TAMS 0x000000070ef00000, 0x000000070ef00000| Untracked 
| 176|0x000000070f000000, 0x000000070f000000, 0x000000070f100000|  0%| F|  |TAMS 0x000000070f000000, 0x000000070f000000| Untracked 
| 177|0x000000070f100000, 0x000000070f100000, 0x000000070f200000|  0%| F|  |TAMS 0x000000070f100000, 0x000000070f100000| Untracked 
| 178|0x000000070f200000, 0x000000070f200000, 0x000000070f300000|  0%| F|  |TAMS 0x000000070f200000, 0x000000070f200000| Untracked 
| 179|0x000000070f300000, 0x000000070f300000, 0x000000070f400000|  0%| F|  |TAMS 0x000000070f300000, 0x000000070f300000| Untracked 
| 180|0x000000070f400000, 0x000000070f400000, 0x000000070f500000|  0%| F|  |TAMS 0x000000070f400000, 0x000000070f400000| Untracked 
| 181|0x000000070f500000, 0x000000070f500000, 0x000000070f600000|  0%| F|  |TAMS 0x000000070f500000, 0x000000070f500000| Untracked 
| 182|0x000000070f600000, 0x000000070f600000, 0x000000070f700000|  0%| F|  |TAMS 0x000000070f600000, 0x000000070f600000| Untracked 
| 183|0x000000070f700000, 0x000000070f700000, 0x000000070f800000|  0%| F|  |TAMS 0x000000070f700000, 0x000000070f700000| Untracked 
| 184|0x000000070f800000, 0x000000070f800000, 0x000000070f900000|  0%| F|  |TAMS 0x000000070f800000, 0x000000070f800000| Untracked 
| 185|0x000000070f900000, 0x000000070f900000, 0x000000070fa00000|  0%| F|  |TAMS 0x000000070f900000, 0x000000070f900000| Untracked 
| 186|0x000000070fa00000, 0x000000070fa00000, 0x000000070fb00000|  0%| F|  |TAMS 0x000000070fa00000, 0x000000070fa00000| Untracked 
| 187|0x000000070fb00000, 0x000000070fb00000, 0x000000070fc00000|  0%| F|  |TAMS 0x000000070fb00000, 0x000000070fb00000| Untracked 
| 188|0x000000070fc00000, 0x000000070fc00000, 0x000000070fd00000|  0%| F|  |TAMS 0x000000070fc00000, 0x000000070fc00000| Untracked 
| 189|0x000000070fd00000, 0x000000070fd00000, 0x000000070fe00000|  0%| F|  |TAMS 0x000000070fd00000, 0x000000070fd00000| Untracked 
| 190|0x000000070fe00000, 0x000000070fe00000, 0x000000070ff00000|  0%| F|  |TAMS 0x000000070fe00000, 0x000000070fe00000| Untracked 
| 191|0x000000070ff00000, 0x000000070ff00000, 0x0000000710000000|  0%| F|  |TAMS 0x000000070ff00000, 0x000000070ff00000| Untracked 
| 192|0x0000000710000000, 0x0000000710000000, 0x0000000710100000|  0%| F|  |TAMS 0x0000000710000000, 0x0000000710000000| Untracked 
| 193|0x0000000710100000, 0x0000000710100000, 0x0000000710200000|  0%| F|  |TAMS 0x0000000710100000, 0x0000000710100000| Untracked 
| 194|0x0000000710200000, 0x0000000710200000, 0x0000000710300000|  0%| F|  |TAMS 0x0000000710200000, 0x0000000710200000| Untracked 
| 195|0x0000000710300000, 0x0000000710300000, 0x0000000710400000|  0%| F|  |TAMS 0x0000000710300000, 0x0000000710300000| Untracked 
| 196|0x0000000710400000, 0x0000000710400000, 0x0000000710500000|  0%| F|  |TAMS 0x0000000710400000, 0x0000000710400000| Untracked 
| 197|0x0000000710500000, 0x0000000710500000, 0x0000000710600000|  0%| F|  |TAMS 0x0000000710500000, 0x0000000710500000| Untracked 
| 198|0x0000000710600000, 0x0000000710600000, 0x0000000710700000|  0%| F|  |TAMS 0x0000000710600000, 0x0000000710600000| Untracked 
| 199|0x0000000710700000, 0x0000000710700000, 0x0000000710800000|  0%| F|  |TAMS 0x0000000710700000, 0x0000000710700000| Untracked 
| 200|0x0000000710800000, 0x0000000710800000, 0x0000000710900000|  0%| F|  |TAMS 0x0000000710800000, 0x0000000710800000| Untracked 
| 201|0x0000000710900000, 0x0000000710900000, 0x0000000710a00000|  0%| F|  |TAMS 0x0000000710900000, 0x0000000710900000| Untracked 
| 202|0x0000000710a00000, 0x0000000710a00000, 0x0000000710b00000|  0%| F|  |TAMS 0x0000000710a00000, 0x0000000710a00000| Untracked 
| 203|0x0000000710b00000, 0x0000000710b00000, 0x0000000710c00000|  0%| F|  |TAMS 0x0000000710b00000, 0x0000000710b00000| Untracked 
| 204|0x0000000710c00000, 0x0000000710c00000, 0x0000000710d00000|  0%| F|  |TAMS 0x0000000710c00000, 0x0000000710c00000| Untracked 
| 205|0x0000000710d00000, 0x0000000710d00000, 0x0000000710e00000|  0%| F|  |TAMS 0x0000000710d00000, 0x0000000710d00000| Untracked 
| 206|0x0000000710e00000, 0x0000000710e00000, 0x0000000710f00000|  0%| F|  |TAMS 0x0000000710e00000, 0x0000000710e00000| Untracked 
| 207|0x0000000710f00000, 0x0000000710f00000, 0x0000000711000000|  0%| F|  |TAMS 0x0000000710f00000, 0x0000000710f00000| Untracked 
| 208|0x0000000711000000, 0x0000000711000000, 0x0000000711100000|  0%| F|  |TAMS 0x0000000711000000, 0x0000000711000000| Untracked 
| 209|0x0000000711100000, 0x0000000711100000, 0x0000000711200000|  0%| F|  |TAMS 0x0000000711100000, 0x0000000711100000| Untracked 
| 210|0x0000000711200000, 0x0000000711200000, 0x0000000711300000|  0%| F|  |TAMS 0x0000000711200000, 0x0000000711200000| Untracked 
| 211|0x0000000711300000, 0x0000000711300000, 0x0000000711400000|  0%| F|  |TAMS 0x0000000711300000, 0x0000000711300000| Untracked 
| 212|0x0000000711400000, 0x0000000711400000, 0x0000000711500000|  0%| F|  |TAMS 0x0000000711400000, 0x0000000711400000| Untracked 
| 213|0x0000000711500000, 0x0000000711500000, 0x0000000711600000|  0%| F|  |TAMS 0x0000000711500000, 0x0000000711500000| Untracked 
| 214|0x0000000711600000, 0x0000000711600000, 0x0000000711700000|  0%| F|  |TAMS 0x0000000711600000, 0x0000000711600000| Untracked 
| 215|0x0000000711700000, 0x0000000711700000, 0x0000000711800000|  0%| F|  |TAMS 0x0000000711700000, 0x0000000711700000| Untracked 
| 216|0x0000000711800000, 0x0000000711800000, 0x0000000711900000|  0%| F|  |TAMS 0x0000000711800000, 0x0000000711800000| Untracked 
| 217|0x0000000711900000, 0x0000000711900000, 0x0000000711a00000|  0%| F|  |TAMS 0x0000000711900000, 0x0000000711900000| Untracked 
| 218|0x0000000711a00000, 0x0000000711a00000, 0x0000000711b00000|  0%| F|  |TAMS 0x0000000711a00000, 0x0000000711a00000| Untracked 
| 219|0x0000000711b00000, 0x0000000711b00000, 0x0000000711c00000|  0%| F|  |TAMS 0x0000000711b00000, 0x0000000711b00000| Untracked 
| 220|0x0000000711c00000, 0x0000000711c00000, 0x0000000711d00000|  0%| F|  |TAMS 0x0000000711c00000, 0x0000000711c00000| Untracked 
| 221|0x0000000711d00000, 0x0000000711d6e6c0, 0x0000000711e00000| 43%| S|CS|TAMS 0x0000000711d00000, 0x0000000711d00000| Complete 
| 222|0x0000000711e00000, 0x0000000711f00000, 0x0000000711f00000|100%| S|CS|TAMS 0x0000000711e00000, 0x0000000711e00000| Complete 
| 223|0x0000000711f00000, 0x0000000712000000, 0x0000000712000000|100%| S|CS|TAMS 0x0000000711f00000, 0x0000000711f00000| Complete 
| 224|0x0000000712000000, 0x0000000712000000, 0x0000000712100000|  0%| F|  |TAMS 0x0000000712000000, 0x0000000712000000| Untracked 
| 225|0x0000000712100000, 0x000000071215cf38, 0x0000000712200000| 36%| E|  |TAMS 0x0000000712100000, 0x0000000712100000| Complete 
| 226|0x0000000712200000, 0x0000000712300000, 0x0000000712300000|100%| E|CS|TAMS 0x0000000712200000, 0x0000000712200000| Complete 
| 227|0x0000000712300000, 0x0000000712400000, 0x0000000712400000|100%| E|CS|TAMS 0x0000000712300000, 0x0000000712300000| Complete 
| 228|0x0000000712400000, 0x0000000712500000, 0x0000000712500000|100%| E|CS|TAMS 0x0000000712400000, 0x0000000712400000| Complete 
| 229|0x0000000712500000, 0x0000000712600000, 0x0000000712600000|100%| E|CS|TAMS 0x0000000712500000, 0x0000000712500000| Complete 
| 230|0x0000000712600000, 0x0000000712700000, 0x0000000712700000|100%| E|CS|TAMS 0x0000000712600000, 0x0000000712600000| Complete 
| 231|0x0000000712700000, 0x0000000712800000, 0x0000000712800000|100%| E|CS|TAMS 0x0000000712700000, 0x0000000712700000| Complete 
| 232|0x0000000712800000, 0x0000000712900000, 0x0000000712900000|100%| E|CS|TAMS 0x0000000712800000, 0x0000000712800000| Complete 
| 233|0x0000000712900000, 0x0000000712a00000, 0x0000000712a00000|100%| E|CS|TAMS 0x0000000712900000, 0x0000000712900000| Complete 
| 234|0x0000000712a00000, 0x0000000712b00000, 0x0000000712b00000|100%| E|CS|TAMS 0x0000000712a00000, 0x0000000712a00000| Complete 
| 235|0x0000000712b00000, 0x0000000712c00000, 0x0000000712c00000|100%| E|CS|TAMS 0x0000000712b00000, 0x0000000712b00000| Complete 
| 236|0x0000000712c00000, 0x0000000712d00000, 0x0000000712d00000|100%| E|CS|TAMS 0x0000000712c00000, 0x0000000712c00000| Complete 
| 237|0x0000000712d00000, 0x0000000712e00000, 0x0000000712e00000|100%| E|CS|TAMS 0x0000000712d00000, 0x0000000712d00000| Complete 
| 238|0x0000000712e00000, 0x0000000712f00000, 0x0000000712f00000|100%| E|CS|TAMS 0x0000000712e00000, 0x0000000712e00000| Complete 
| 239|0x0000000712f00000, 0x0000000713000000, 0x0000000713000000|100%| E|CS|TAMS 0x0000000712f00000, 0x0000000712f00000| Complete 
| 240|0x0000000713000000, 0x0000000713100000, 0x0000000713100000|100%| E|CS|TAMS 0x0000000713000000, 0x0000000713000000| Complete 
| 241|0x0000000713100000, 0x0000000713200000, 0x0000000713200000|100%| E|CS|TAMS 0x0000000713100000, 0x0000000713100000| Complete 
| 242|0x0000000713200000, 0x0000000713300000, 0x0000000713300000|100%| E|CS|TAMS 0x0000000713200000, 0x0000000713200000| Complete 
| 243|0x0000000713300000, 0x0000000713400000, 0x0000000713400000|100%| E|CS|TAMS 0x0000000713300000, 0x0000000713300000| Complete 
| 244|0x0000000713400000, 0x0000000713500000, 0x0000000713500000|100%| E|CS|TAMS 0x0000000713400000, 0x0000000713400000| Complete 
| 245|0x0000000713500000, 0x0000000713600000, 0x0000000713600000|100%| E|CS|TAMS 0x0000000713500000, 0x0000000713500000| Complete 
| 246|0x0000000713600000, 0x0000000713700000, 0x0000000713700000|100%| E|CS|TAMS 0x0000000713600000, 0x0000000713600000| Complete 
| 247|0x0000000713700000, 0x0000000713800000, 0x0000000713800000|100%| E|CS|TAMS 0x0000000713700000, 0x0000000713700000| Complete 
| 248|0x0000000713800000, 0x0000000713900000, 0x0000000713900000|100%| E|CS|TAMS 0x0000000713800000, 0x0000000713800000| Complete 
| 249|0x0000000713900000, 0x0000000713a00000, 0x0000000713a00000|100%| E|CS|TAMS 0x0000000713900000, 0x0000000713900000| Complete 
| 250|0x0000000713a00000, 0x0000000713b00000, 0x0000000713b00000|100%| E|CS|TAMS 0x0000000713a00000, 0x0000000713a00000| Complete 
| 251|0x0000000713b00000, 0x0000000713c00000, 0x0000000713c00000|100%| E|CS|TAMS 0x0000000713b00000, 0x0000000713b00000| Complete 

Card table byte_map: [0x000001f1c75f0000,0x000001f1c7dd0000] _byte_map_base: 0x000001f1c3dd0000

Marking Bits (Prev, Next): (CMBitMap*) 0x000001f1afb5a828, (CMBitMap*) 0x000001f1afb5a860
 Prev Bits: [0x000001f1c85b0000, 0x000001f1cc4b0000)
 Next Bits: [0x000001f1cc4b0000, 0x000001f1d03b0000)

Polling page: 0x000001f1ad920000

Metaspace:

Usage:
  Non-class:     16.90 MB capacity,    16.60 MB ( 98%) used,   243.22 KB (  1%) free+waste,    59.63 KB ( <1%) overhead. 
      Class:      2.10 MB capacity,     1.87 MB ( 89%) used,   214.18 KB ( 10%) free+waste,    28.50 KB (  1%) overhead. 
       Both:     19.00 MB capacity,    18.47 MB ( 97%) used,   457.40 KB (  2%) free+waste,    88.13 KB ( <1%) overhead. 

Virtual space:
  Non-class space:       18.00 MB reserved,      17.00 MB ( 94%) committed 
      Class space:        1.00 GB reserved,       2.13 MB ( <1%) committed 
             Both:        1.02 GB reserved,      19.13 MB (  2%) committed 

Chunk freelists:
   Non-Class:  5.38 KB
       Class:  2.88 KB
        Both:  8.25 KB

CodeHeap 'non-profiled nmethods': size=120064Kb used=1759Kb max_used=1759Kb free=118304Kb
 bounds [0x000001f1bf8d0000, 0x000001f1bfb40000, 0x000001f1c6e10000]
CodeHeap 'profiled nmethods': size=120000Kb used=4642Kb max_used=4642Kb free=115357Kb
 bounds [0x000001f1b83a0000, 0x000001f1b8830000, 0x000001f1bf8d0000]
CodeHeap 'non-nmethods': size=5696Kb used=1316Kb max_used=1356Kb free=4379Kb
 bounds [0x000001f1b7e10000, 0x000001f1b8080000, 0x000001f1b83a0000]
 total_blobs=3541 nmethods=2250 adapters=523
 compilation: enabled
              stopped_count=0, restarted_count=0
 full_count=0

Compilation events (10 events):
Event: 30.706 Thread 0x000001f1d3173800 2287  s!   4       sun.java2d.opengl.OGLRenderQueue$QueueFlusher::flushNow (40 bytes)
Event: 30.709 Thread 0x000001f1d3173800 nmethod 2287 0x000001f1bfa86210 code [0x000001f1bfa863c0, 0x000001f1bfa86758]
Event: 31.269 Thread 0x000001f1d3173800 2288       4       sun.java2d.opengl.OGLRenderQueue::flushBuffer (41 bytes)
Event: 31.293 Thread 0x000001f1d3173800 nmethod 2288 0x000001f1bfa86890 code [0x000001f1bfa86a60, 0x000001f1bfa86f08]
Event: 31.293 Thread 0x000001f1d3173800 2289       4       java.util.HashSet::clear (8 bytes)
Event: 31.307 Thread 0x000001f1d3173800 nmethod 2289 0x000001f1bfa87190 code [0x000001f1bfa87340, 0x000001f1bfa87658]
Event: 31.467 Thread 0x000001f1d3173800 2290       4       java.util.concurrent.ConcurrentHashMap$KeySetView::contains (9 bytes)
Event: 31.471 Thread 0x000001f1d3173800 nmethod 2290 0x000001f1bfa87790 code [0x000001f1bfa87940, 0x000001f1bfa87a28]
Event: 32.060 Thread 0x000001f1d3173800 2291       4       java.lang.Math::max (45 bytes)
Event: 32.062 Thread 0x000001f1d3173800 nmethod 2291 0x000001f1bfa87b10 code [0x000001f1bfa87cc0, 0x000001f1bfa87db8]

GC Heap History (6 events):
Event: 7.011 GC heap before
{Heap before GC invocations=0 (full 0):
 garbage-first heap   total 258048K, used 14336K [0x0000000704000000, 0x0000000800000000)
  region size 1024K, 14 young (14336K), 0 survivors (0K)
 Metaspace       used 12898K, capacity 13274K, committed 13568K, reserved 1060864K
  class space    used 1300K, capacity 1451K, committed 1536K, reserved 1048576K
}
Event: 7.019 GC heap after
{Heap after GC invocations=1 (full 0):
 garbage-first heap   total 258048K, used 4093K [0x0000000704000000, 0x0000000800000000)
  region size 1024K, 2 young (2048K), 2 survivors (2048K)
 Metaspace       used 12898K, capacity 13274K, committed 13568K, reserved 1060864K
  class space    used 1300K, capacity 1451K, committed 1536K, reserved 1048576K
}
Event: 7.378 GC heap before
{Heap before GC invocations=1 (full 0):
 garbage-first heap   total 258048K, used 19453K [0x0000000704000000, 0x0000000800000000)
  region size 1024K, 12 young (12288K), 2 survivors (2048K)
 Metaspace       used 16663K, capacity 17201K, committed 17408K, reserved 1064960K
  class space    used 1731K, capacity 1959K, committed 2048K, reserved 1048576K
}
Event: 7.381 GC heap after
{Heap after GC invocations=2 (full 0):
 garbage-first heap   total 258048K, used 10211K [0x0000000704000000, 0x0000000800000000)
  region size 1024K, 1 young (1024K), 1 survivors (1024K)
 Metaspace       used 16663K, capacity 17201K, committed 17408K, reserved 1064960K
  class space    used 1731K, capacity 1959K, committed 2048K, reserved 1048576K
}
Event: 14.613 GC heap before
{Heap before GC invocations=2 (full 0):
 garbage-first heap   total 258048K, used 48099K [0x0000000704000000, 0x0000000800000000)
  region size 1024K, 28 young (28672K), 1 survivors (1024K)
 Metaspace       used 18858K, capacity 19452K, committed 19584K, reserved 1067008K
  class space    used 1908K, capacity 2153K, committed 2176K, reserved 1048576K
}
Event: 14.620 GC heap after
{Heap after GC invocations=3 (full 0):
 garbage-first heap   total 258048K, used 21942K [0x0000000704000000, 0x0000000800000000)
  region size 1024K, 3 young (3072K), 3 survivors (3072K)
 Metaspace       used 18858K, capacity 19452K, committed 19584K, reserved 1067008K
  class space    used 1908K, capacity 2153K, committed 2176K, reserved 1048576K
}

Deoptimization events (8 events):
Event: 0.398 Thread 0x000001f1afaf8000 Uncommon trap: reason=unstable_if action=reinterpret pc=0x000001f1bf8d531c method=java.lang.String.hashCode()I @ 14 c2
Event: 7.135 Thread 0x000001f1d9552000 Uncommon trap: reason=unstable_if action=reinterpret pc=0x000001f1bf8dd160 method=java.lang.StringLatin1.canEncode(I)Z @ 4 c2
Event: 7.282 Thread 0x000001f1d9552000 Uncommon trap: reason=unstable_if action=reinterpret pc=0x000001f1bf8f9784 method=java.io.WinNTFileSystem.isSlash(C)Z @ 9 c2
Event: 7.388 Thread 0x000001f1d9552000 Uncommon trap: reason=unstable_if action=reinterpret pc=0x000001f1bf92eb34 method=java.lang.ref.ReferenceQueue.poll()Ljava/lang/ref/Reference; @ 4 c2
Event: 7.662 Thread 0x000001f1d3907800 Uncommon trap: reason=unstable_if action=reinterpret pc=0x000001f1bf9475e4 method=sun.awt.image.ByteInterleavedRaster.putByteData(IIII[B)V @ 79 c2
Event: 7.674 Thread 0x000001f1dc383000 Uncommon trap: reason=unstable_if action=reinterpret pc=0x000001f1bf919894 method=jdk.internal.org.objectweb.asm.Frame.execute(IILjdk/internal/org/objectweb/asm/ClassWriter;Ljdk/internal/org/objectweb/asm/Item;)V @ 1 c2
Event: 9.708 Thread 0x000001f1dbfb4800 Uncommon trap: reason=unstable_if action=reinterpret pc=0x000001f1bf99a67c method=org.jbox2d.collision.Distance.distance(Lorg/jbox2d/collision/DistanceOutput;Lorg/jbox2d/collision/Distance$SimplexCache;Lorg/jbox2d/collision/DistanceInput;)V @ 260 c2
Event: 12.796 Thread 0x000001f1d38bf800 Uncommon trap: reason=unstable_if action=reinterpret pc=0x000001f1bf979fdc method=java.util.concurrent.locks.ReentrantLock$Sync.nonfairTryAcquire(I)Z @ 10 c2

Classes redefined (0 events):
No events

Internal exceptions (10 events):
Event: 7.213 Thread 0x000001f1d9552000 Exception <a 'java/lang/NoSuchMethodError'{0x0000000713585df0}: java.lang.invoke.DirectMethodHandle$Holder.invokeStaticInit(Ljava/lang/Object;Ljava/lang/Object;JLjava/lang/Object;)Ljava/lang/Object;> (0x0000000713585df0) thrown at [t:/workspace/open/src/h
Event: 7.213 Thread 0x000001f1d9552000 Exception <a 'java/lang/NoSuchMethodError'{0x000000071358bc98}: java.lang.invoke.DirectMethodHandle$Holder.invokeStatic(Ljava/lang/Object;Ljava/lang/Object;J)Ljava/lang/Object;> (0x000000071358bc98) thrown at [t:/workspace/open/src/hotspot/share/interpret
Event: 7.213 Thread 0x000001f1d9552000 Exception <a 'java/lang/NoSuchMethodError'{0x0000000713591f68}: java.lang.invoke.Invokers$Holder.linkToTargetMethod(Ljava/lang/Object;JLjava/lang/Object;)Ljava/lang/Object;> (0x0000000713591f68) thrown at [t:/workspace/open/src/hotspot/share/interpreter/l
Event: 7.269 Thread 0x000001f1d9552000 Exception <a 'java/lang/NoSuchMethodError'{0x00000007133430c8}: java.lang.invoke.DirectMethodHandle$Holder.invokeStatic(Ljava/lang/Object;Ljava/lang/Object;Ljava/lang/Object;Ljava/lang/Object;Ljava/lang/Object;Ljava/lang/Object;Ljava/lang/Object;Ljava/lan
Event: 7.305 Thread 0x000001f1d3907800 Exception <a 'java/lang/NoSuchMethodError'{0x0000000713456a30}: java.lang.invoke.DirectMethodHandle$Holder.invokeStatic(Ljava/lang/Object;Ljava/lang/Object;IIII)Ljava/lang/Object;> (0x0000000713456a30) thrown at [t:/workspace/open/src/hotspot/share/interp
Event: 7.305 Thread 0x000001f1d3907800 Exception <a 'java/lang/NoSuchMethodError'{0x0000000713459d78}: java.lang.invoke.DirectMethodHandle$Holder.invokeStaticInit(Ljava/lang/Object;Ljava/lang/Object;IIII)Ljava/lang/Object;> (0x0000000713459d78) thrown at [t:/workspace/open/src/hotspot/share/in
Event: 7.524 Thread 0x000001f1d9552000 Exception <a 'java/lang/NoSuchMethodError'{0x0000000713a4d350}: java.lang.invoke.DirectMethodHandle$Holder.invokeStaticInit(Ljava/lang/Object;Ljava/lang/Object;Ljava/lang/Object;)I> (0x0000000713a4d350) thrown at [t:/workspace/open/src/hotspot/share/inter
Event: 7.631 Thread 0x000001f1d3907800 Exception <a 'java/lang/NoSuchMethodError'{0x00000007133e8028}: java.lang.invoke.DirectMethodHandle$Holder.invokeStatic(Ljava/lang/Object;Ljava/lang/Object;FF)Ljava/lang/Object;> (0x00000007133e8028) thrown at [t:/workspace/open/src/hotspot/share/interpre
Event: 7.673 Thread 0x000001f1dc383000 Exception <a 'java/lang/NoSuchMethodError'{0x0000000713088298}: java.lang.invoke.DirectMethodHandle$Holder.invokeInterface(Ljava/lang/Object;Ljava/lang/Object;)V> (0x0000000713088298) thrown at [t:/workspace/open/src/hotspot/share/interpreter/linkResolver
Event: 7.885 Thread 0x000001f1d3907800 Exception <a 'java/lang/NullPointerException'{0x0000000712e21580}> (0x0000000712e21580) thrown at [t:/workspace/open/src/hotspot/share/interpreter/linkResolver.cpp, line 1354]

Events (10 events):
Event: 32.108 Thread 0x000001f1d3331800 Thread exited: 0x000001f1d3331800
Event: 32.108 Thread 0x000001f1d9ad9000 Thread exited: 0x000001f1d9ad9000
Event: 32.108 loading class java/util/WeakHashMap$KeyIterator
Event: 32.109 loading class java/util/WeakHashMap$HashIterator
Event: 32.109 loading class java/util/WeakHashMap$HashIterator done
Event: 32.109 loading class java/util/WeakHashMap$KeyIterator done
Event: 32.109 Thread 0x000001f1d9ad9800 Thread exited: 0x000001f1d9ad9800
Event: 32.121 Executing VM operation: RevokeBias
Event: 32.121 Executing VM operation: RevokeBias done
Event: 32.121 Thread 0x000001f1d38bf800 Thread exited: 0x000001f1d38bf800


Dynamic libraries:
0x00007ff76a480000 - 0x00007ff76a4c5000 	C:\Program Files\BlueJ\jdk\bin\java.exe
0x00007fff42030000 - 0x00007fff42247000 	C:\WINDOWS\SYSTEM32\ntdll.dll
0x00007fff41080000 - 0x00007fff41144000 	C:\WINDOWS\System32\KERNEL32.DLL
0x00007fff3f820000 - 0x00007fff3fbc7000 	C:\WINDOWS\System32\KERNELBASE.dll
0x00007fff411d0000 - 0x00007fff4137e000 	C:\WINDOWS\System32\USER32.dll
0x00007fff3fc40000 - 0x00007fff3fc66000 	C:\WINDOWS\System32\win32u.dll
0x00007fff40f90000 - 0x00007fff40fb9000 	C:\WINDOWS\System32\GDI32.dll
0x00007fff3f4f0000 - 0x00007fff3f609000 	C:\WINDOWS\System32\gdi32full.dll
0x00007fff3f780000 - 0x00007fff3f81a000 	C:\WINDOWS\System32\msvcp_win.dll
0x00007fff3f350000 - 0x00007fff3f461000 	C:\WINDOWS\System32\ucrtbase.dll
0x00007fff215a0000 - 0x00007fff21833000 	C:\WINDOWS\WinSxS\amd64_microsoft.windows.common-controls_6595b64144ccf1df_6.0.22621.3527_none_270e469b73872a76\COMCTL32.dll
0x00007fff40c40000 - 0x00007fff40ce7000 	C:\WINDOWS\System32\msvcrt.dll
0x00007fff41420000 - 0x00007fff41451000 	C:\WINDOWS\System32\IMM32.DLL
0x00007fff3af10000 - 0x00007fff3af26000 	C:\Program Files\BlueJ\jdk\bin\vcruntime140.dll
0x00007fff24ea0000 - 0x00007fff24f4a000 	C:\Program Files\BlueJ\jdk\bin\msvcp140.dll
0x00007ffed4cd0000 - 0x00007ffed57f3000 	C:\Program Files\BlueJ\jdk\bin\server\jvm.dll
0x00007fff3fdc0000 - 0x00007fff3fe72000 	C:\WINDOWS\System32\ADVAPI32.dll
0x00007fff40df0000 - 0x00007fff40e98000 	C:\WINDOWS\System32\sechost.dll
0x00007fff3fc70000 - 0x00007fff3fc98000 	C:\WINDOWS\System32\bcrypt.dll
0x00007fff41ed0000 - 0x00007fff41fe5000 	C:\WINDOWS\System32\RPCRT4.dll
0x00007fff418e0000 - 0x00007fff418e8000 	C:\WINDOWS\System32\PSAPI.DLL
0x00007fff3b030000 - 0x00007fff3b039000 	C:\WINDOWS\SYSTEM32\WSOCK32.dll
0x00007fff34b80000 - 0x00007fff34bb4000 	C:\WINDOWS\SYSTEM32\WINMM.dll
0x00007fff41150000 - 0x00007fff411c1000 	C:\WINDOWS\System32\WS2_32.dll
0x00007fff2a1b0000 - 0x00007fff2a1ba000 	C:\WINDOWS\SYSTEM32\VERSION.dll
0x00007fff3e330000 - 0x00007fff3e348000 	C:\WINDOWS\SYSTEM32\kernel.appcore.dll
0x00007fff28bd0000 - 0x00007fff28be1000 	C:\Program Files\BlueJ\jdk\bin\verify.dll
0x00007fff22f40000 - 0x00007fff23172000 	C:\WINDOWS\SYSTEM32\DBGHELP.DLL
0x00007fff419d0000 - 0x00007fff41d58000 	C:\WINDOWS\System32\combase.dll
0x00007fff418f0000 - 0x00007fff419c7000 	C:\WINDOWS\System32\OLEAUT32.dll
0x00007fff21840000 - 0x00007fff21872000 	C:\WINDOWS\SYSTEM32\dbgcore.DLL
0x00007fff3f470000 - 0x00007fff3f4e9000 	C:\WINDOWS\System32\bcryptPrimitives.dll
0x00007fff28b60000 - 0x00007fff28b88000 	C:\Program Files\BlueJ\jdk\bin\java.dll
0x00007fff28cc0000 - 0x00007fff28cf7000 	C:\Program Files\BlueJ\jdk\bin\jdwp.dll
0x00007fff27840000 - 0x00007fff27856000 	C:\Program Files\BlueJ\jdk\bin\zip.dll
0x00007fff3af90000 - 0x00007fff3af9a000 	C:\Program Files\BlueJ\jdk\bin\jimage.dll
0x00007fff3fec0000 - 0x00007fff4071c000 	C:\WINDOWS\System32\SHELL32.dll
0x00007fff3cf70000 - 0x00007fff3d866000 	C:\WINDOWS\SYSTEM32\windows.storage.dll
0x00007fff3ce30000 - 0x00007fff3cf6e000 	C:\WINDOWS\SYSTEM32\wintypes.dll
0x00007fff40720000 - 0x00007fff40815000 	C:\WINDOWS\System32\SHCORE.dll
0x00007fff40ea0000 - 0x00007fff40efe000 	C:\WINDOWS\System32\shlwapi.dll
0x00007fff3f280000 - 0x00007fff3f2a1000 	C:\WINDOWS\SYSTEM32\profapi.dll
0x00007fff37af0000 - 0x00007fff37afb000 	C:\Program Files\BlueJ\jdk\bin\dt_shmem.dll
0x00007fff27820000 - 0x00007fff27839000 	C:\Program Files\BlueJ\jdk\bin\net.dll
0x00007fff3e350000 - 0x00007fff3e486000 	C:\WINDOWS\SYSTEM32\WINHTTP.dll
0x00007fff33b10000 - 0x00007fff33d00000 	C:\WINDOWS\SYSTEM32\urlmon.dll
0x00007fff33850000 - 0x00007fff33b0e000 	C:\WINDOWS\SYSTEM32\iertutil.dll
0x00007fff3dd80000 - 0x00007fff3dda8000 	C:\WINDOWS\SYSTEM32\srvcli.dll
0x00007fff3de00000 - 0x00007fff3de0c000 	C:\WINDOWS\SYSTEM32\netutils.dll
0x00007fff3e8d0000 - 0x00007fff3e939000 	C:\WINDOWS\system32\mswsock.dll
0x00007fff27800000 - 0x00007fff27813000 	C:\Program Files\BlueJ\jdk\bin\nio.dll
0x00007ffed3380000 - 0x00007ffed351e000 	C:\Program Files\BlueJ\jdk\bin\awt.dll
0x00007fff3b350000 - 0x00007fff3b93e000 	C:\WINDOWS\SYSTEM32\d2d1.dll
0x00007fff3c3d0000 - 0x00007fff3c467000 	C:\WINDOWS\SYSTEM32\apphelp.dll
0x00007fff3c5b0000 - 0x00007fff3c65b000 	C:\WINDOWS\system32\uxtheme.dll
0x00007fff41d70000 - 0x00007fff41ec3000 	C:\WINDOWS\System32\MSCTF.dll
0x00007fff40a90000 - 0x00007fff40c35000 	C:\WINDOWS\System32\ole32.dll
0x00007ffef8420000 - 0x00007ffef8520000 	C:\WINDOWS\system32\opengl32.dll
0x00007fff1bd50000 - 0x00007fff1bd7d000 	C:\WINDOWS\SYSTEM32\GLU32.dll
0x00007fff3c690000 - 0x00007fff3c6c9000 	C:\WINDOWS\SYSTEM32\dxcore.dll
0x00007fff3c9c0000 - 0x00007fff3c9eb000 	C:\WINDOWS\system32\DWMAPI.DLL
0x00007fff37f70000 - 0x00007fff37fba000 	C:\WINDOWS\SYSTEM32\directxdatabasehelper.dll
0x00007fff40820000 - 0x00007fff408d0000 	C:\WINDOWS\System32\clbcatq.dll
0x00007fff3f030000 - 0x00007fff3f07e000 	C:\WINDOWS\SYSTEM32\CFGMGR32.dll
0x00007fff39fe0000 - 0x00007fff3a0e1000 	C:\WINDOWS\system32\propsys.dll
0x00007fff3ebd0000 - 0x00007fff3ebeb000 	C:\WINDOWS\SYSTEM32\CRYPTSP.dll
0x00007fff3e290000 - 0x00007fff3e2c5000 	C:\WINDOWS\system32\rsaenh.dll
0x00007fff3e970000 - 0x00007fff3e998000 	C:\WINDOWS\SYSTEM32\USERENV.dll
0x00007fff3ebb0000 - 0x00007fff3ebbc000 	C:\WINDOWS\SYSTEM32\CRYPTBASE.dll
0x00007fff3da90000 - 0x00007fff3dabd000 	C:\WINDOWS\SYSTEM32\IPHLPAPI.DLL
0x00007fff3fe90000 - 0x00007fff3fe99000 	C:\WINDOWS\System32\NSI.dll
0x00007fff39080000 - 0x00007fff39099000 	C:\WINDOWS\SYSTEM32\dhcpcsvc6.DLL
0x00007fff38d50000 - 0x00007fff38d6f000 	C:\WINDOWS\SYSTEM32\dhcpcsvc.DLL
0x00007fff3daf0000 - 0x00007fff3dbe8000 	C:\WINDOWS\SYSTEM32\DNSAPI.dll
0x00007ffecb180000 - 0x00007ffecc3e9000 	C:\WINDOWS\System32\DriverStore\FileRepository\iigd_dch.inf_amd64_64f1ea0105c67ec6\igxelpicd64.dll
0x00007fff3c7c0000 - 0x00007fff3c8b7000 	C:\WINDOWS\system32\dxgi.dll
0x00007fff24fb0000 - 0x00007fff252fc000 	C:\WINDOWS\System32\DriverStore\FileRepository\iigd_dch.inf_amd64_64f1ea0105c67ec6\igdml64.dll
0x00007fff315c0000 - 0x00007fff319fe000 	C:\WINDOWS\System32\DriverStore\FileRepository\iigd_dch.inf_amd64_64f1ea0105c67ec6\igdgmm64.dll
0x00007fff2d560000 - 0x00007fff315b4000 	C:\WINDOWS\System32\DriverStore\FileRepository\iigd_dch.inf_amd64_64f1ea0105c67ec6\igc64.dll
0x00007fff3e0a0000 - 0x00007fff3e0ed000 	C:\WINDOWS\SYSTEM32\powrprof.dll
0x00007fff3e080000 - 0x00007fff3e093000 	C:\WINDOWS\SYSTEM32\UMPDC.dll
0x00007fff15ac0000 - 0x00007fff15b40000 	C:\Program Files\BlueJ\jdk\bin\freetype.dll
0x00007fff15df0000 - 0x00007fff15e5f000 	C:\Program Files\BlueJ\jdk\bin\fontmanager.dll
0x00007fff2ae60000 - 0x00007fff2afab000 	C:\WINDOWS\SYSTEM32\textinputframework.dll
0x00007fff2bd10000 - 0x00007fff2bd19000 	C:\Program Files\BlueJ\jdk\bin\management.dll
0x00007fff2a900000 - 0x00007fff2a90c000 	C:\Program Files\BlueJ\jdk\bin\management_ext.dll
0x00007ffef1680000 - 0x00007ffef1697000 	C:\WINDOWS\system32\napinsp.dll
0x00007ffedc3b0000 - 0x00007ffedc3cb000 	C:\WINDOWS\system32\pnrpnsp.dll
0x00007ffedc3d0000 - 0x00007ffedc3e1000 	C:\WINDOWS\System32\winrnr.dll
0x00007fff38a40000 - 0x00007fff38a55000 	C:\WINDOWS\system32\wshbth.dll
0x00007ffef2300000 - 0x00007ffef2327000 	C:\WINDOWS\system32\nlansp_c.dll
0x00007fff37a90000 - 0x00007fff37a9a000 	C:\Windows\System32\rasadhlp.dll
0x00007fff37db0000 - 0x00007fff37e33000 	C:\WINDOWS\System32\fwpuclnt.dll
0x000001f1db3a0000 - 0x000001f1db3a3000 	C:\Program Files\BlueJ\lib\javafx\bin\api-ms-win-core-console-l1-1-0.dll
0x000001f1db3b0000 - 0x000001f1db3b3000 	C:\Program Files\BlueJ\lib\javafx\bin\api-ms-win-core-datetime-l1-1-0.dll
0x000001f1db3c0000 - 0x000001f1db3c3000 	C:\Program Files\BlueJ\lib\javafx\bin\api-ms-win-core-debug-l1-1-0.dll
0x000001f1db3d0000 - 0x000001f1db3d3000 	C:\Program Files\BlueJ\lib\javafx\bin\api-ms-win-core-errorhandling-l1-1-0.dll
0x000001f1db3e0000 - 0x000001f1db3e4000 	C:\Program Files\BlueJ\lib\javafx\bin\api-ms-win-core-file-l1-1-0.dll
0x000001f1db3f0000 - 0x000001f1db3f3000 	C:\Program Files\BlueJ\lib\javafx\bin\api-ms-win-core-file-l1-2-0.dll
0x000001f1db400000 - 0x000001f1db403000 	C:\Program Files\BlueJ\lib\javafx\bin\api-ms-win-core-file-l2-1-0.dll
0x000001f1db410000 - 0x000001f1db413000 	C:\Program Files\BlueJ\lib\javafx\bin\api-ms-win-core-handle-l1-1-0.dll
0x000001f1db420000 - 0x000001f1db423000 	C:\Program Files\BlueJ\lib\javafx\bin\api-ms-win-core-heap-l1-1-0.dll
0x000001f1db430000 - 0x000001f1db433000 	C:\Program Files\BlueJ\lib\javafx\bin\api-ms-win-core-interlocked-l1-1-0.dll
0x000001f1dbf70000 - 0x000001f1dbf73000 	C:\Program Files\BlueJ\lib\javafx\bin\api-ms-win-core-libraryloader-l1-1-0.dll
0x000001f1dbf80000 - 0x000001f1dbf83000 	C:\Program Files\BlueJ\lib\javafx\bin\api-ms-win-core-localization-l1-2-0.dll
0x000001f1dbf90000 - 0x000001f1dbf93000 	C:\Program Files\BlueJ\lib\javafx\bin\api-ms-win-core-memory-l1-1-0.dll
0x000001f1de350000 - 0x000001f1de353000 	C:\Program Files\BlueJ\lib\javafx\bin\api-ms-win-core-namedpipe-l1-1-0.dll
0x000001f1de360000 - 0x000001f1de363000 	C:\Program Files\BlueJ\lib\javafx\bin\api-ms-win-core-processenvironment-l1-1-0.dll
0x000001f1de370000 - 0x000001f1de373000 	C:\Program Files\BlueJ\lib\javafx\bin\api-ms-win-core-processthreads-l1-1-0.dll
0x000001f1de380000 - 0x000001f1de383000 	C:\Program Files\BlueJ\lib\javafx\bin\api-ms-win-core-processthreads-l1-1-1.dll
0x000001f1de390000 - 0x000001f1de393000 	C:\Program Files\BlueJ\lib\javafx\bin\api-ms-win-core-profile-l1-1-0.dll
0x000001f1de3a0000 - 0x000001f1de3a3000 	C:\Program Files\BlueJ\lib\javafx\bin\api-ms-win-core-rtlsupport-l1-1-0.dll
0x000001f1de3b0000 - 0x000001f1de3b3000 	C:\Program Files\BlueJ\lib\javafx\bin\api-ms-win-core-string-l1-1-0.dll
0x000001f1de3c0000 - 0x000001f1de3c3000 	C:\Program Files\BlueJ\lib\javafx\bin\api-ms-win-core-synch-l1-1-0.dll
0x000001f1de3d0000 - 0x000001f1de3d3000 	C:\Program Files\BlueJ\lib\javafx\bin\api-ms-win-core-synch-l1-2-0.dll
0x000001f1de3e0000 - 0x000001f1de3e3000 	C:\Program Files\BlueJ\lib\javafx\bin\api-ms-win-core-sysinfo-l1-1-0.dll
0x000001f1de3f0000 - 0x000001f1de3f3000 	C:\Program Files\BlueJ\lib\javafx\bin\api-ms-win-core-timezone-l1-1-0.dll
0x000001f1de400000 - 0x000001f1de403000 	C:\Program Files\BlueJ\lib\javafx\bin\api-ms-win-core-util-l1-1-0.dll
0x000001f1de410000 - 0x000001f1de413000 	C:\Program Files\BlueJ\lib\javafx\bin\api-ms-win-crt-conio-l1-1-0.dll
0x000001f1de420000 - 0x000001f1de424000 	C:\Program Files\BlueJ\lib\javafx\bin\api-ms-win-crt-convert-l1-1-0.dll
0x000001f1de430000 - 0x000001f1de433000 	C:\Program Files\BlueJ\lib\javafx\bin\api-ms-win-crt-environment-l1-1-0.dll
0x000001f1de440000 - 0x000001f1de443000 	C:\Program Files\BlueJ\lib\javafx\bin\api-ms-win-crt-filesystem-l1-1-0.dll
0x000001f1de450000 - 0x000001f1de453000 	C:\Program Files\BlueJ\lib\javafx\bin\api-ms-win-crt-heap-l1-1-0.dll
0x000001f1de460000 - 0x000001f1de463000 	C:\Program Files\BlueJ\lib\javafx\bin\api-ms-win-crt-locale-l1-1-0.dll
0x000001f1de470000 - 0x000001f1de475000 	C:\Program Files\BlueJ\lib\javafx\bin\api-ms-win-crt-math-l1-1-0.dll
0x000001f1de480000 - 0x000001f1de485000 	C:\Program Files\BlueJ\lib\javafx\bin\api-ms-win-crt-multibyte-l1-1-0.dll
0x000001f1de490000 - 0x000001f1de4a0000 	C:\Program Files\BlueJ\lib\javafx\bin\api-ms-win-crt-private-l1-1-0.dll
0x000001f1de4a0000 - 0x000001f1de4a3000 	C:\Program Files\BlueJ\lib\javafx\bin\api-ms-win-crt-process-l1-1-0.dll

dbghelp: loaded successfully - version: 4.0.5 - missing functions: none
symbol engine: initialized successfully - sym options: 0x614 - pdb path: .;C:\Program Files\BlueJ\jdk\bin;C:\WINDOWS\SYSTEM32;C:\WINDOWS\WinSxS\amd64_microsoft.windows.common-controls_6595b64144ccf1df_6.0.22621.3527_none_270e469b73872a76;C:\Program Files\BlueJ\jdk\bin\server;C:\WINDOWS\System32\DriverStore\FileRepository\iigd_dch.inf_amd64_64f1ea0105c67ec6;C:\Program Files\BlueJ\lib\javafx\bin

VM Arguments:
jvm_args: -ea -agentlib:jdwp=transport=dt_shmem,address=javadebug -Dfile.encoding=UTF-8 
java_command: bluej.runtime.ExecServer UTF-8
java_class_path (initial): C:\Program Files\BlueJ\lib\bluejcore.jar;C:\Program Files\BlueJ\lib\junit-4.12.jar;C:\Program Files\BlueJ\lib\junit-jupiter-5.5.2.jar;C:\Program Files\BlueJ\lib\junit-jupiter-api-5.5.2.jar;C:\Program Files\BlueJ\lib\junit-jupiter-engine-5.5.2.jar;C:\Program Files\BlueJ\lib\junit-jupiter-migrationsupport-5.5.2.jar;C:\Program Files\BlueJ\lib\junit-jupiter-params-5.5.2.jar;C:\Program Files\BlueJ\lib\junit-platform-commons-1.5.2.jar;C:\Program Files\BlueJ\lib\junit-platform-console-1.5.2.jar;C:\Program Files\BlueJ\lib\junit-platform-console-standalone-1.5.2.jar;C:\Program Files\BlueJ\lib\junit-platform-engine-1.5.2.jar;C:\Program Files\BlueJ\lib\junit-platform-launcher-1.5.2.jar;C:\Program Files\BlueJ\lib\junit-platform-reporting-1.5.2.jar;C:\Program Files\BlueJ\lib\junit-platform-runner-1.5.2.jar;C:\Program Files\BlueJ\lib\junit-platform-suite-api-1.5.2.jar;C:\Program Files\BlueJ\lib\junit-platform-testkit-1.5.2.jar;C:\Program Files\BlueJ\lib\junit-quickcheck-core-0.9.jar;C:\Program Files\BlueJ\lib\junit-vintage-engine-5.5.2.jar;C:\Program Files\BlueJ\lib\hamcrest-core-1.3.jar;C:\Program Files\BlueJ\lib\hamcrest-library-1.3.jar;C:\Program Files\BlueJ\lib\lang-stride.jar;C:\Program Files\BlueJ\lib\javafx\lib\javafx.base.jar;C:\Program Files\BlueJ\lib\javafx\lib\javafx.controls.jar;C:\Program Files\BlueJ\lib\javafx\lib\javafx.fxml.jar;C:\Program Files\BlueJ\lib\javafx\lib\javafx.graphics.jar;C:\Program Files\BlueJ\lib\javafx\lib\javafx.media.jar;C:\Program Files\BlueJ\lib\javafx\lib\javafx.properties.jar;C:\Program Files\BlueJ\lib\javafx\lib\javafx.swing.jar;C:\Program Files\BlueJ\lib\javafx\lib\javafx.web.jar;C:\Program Files\BlueJ\lib\javafx\lib\javafx.base.jar;C:\Program Files\BlueJ\lib\javafx\lib\javafx.controls.jar;C:\Program Files\BlueJ\lib\javafx\lib\javafx.fxml.jar;C:\Program Files\BlueJ\lib\javafx\lib\javafx.graphics.jar;C:\Program Files\BlueJ\lib\javafx\lib\javafx.media.jar;C:\Program Files\BlueJ\lib\javafx\lib\javafx.properties.jar
Launcher Type: SUN_STANDARD

[Global flags]
     intx CICompilerCount                          = 3                                         {product} {ergonomic}
     uint ConcGCThreads                            = 1                                         {product} {ergonomic}
     uint G1ConcRefinementThreads                  = 4                                         {product} {ergonomic}
   size_t G1HeapRegionSize                         = 1048576                                   {product} {ergonomic}
    uintx GCDrainStackTargetSize                   = 64                                        {product} {ergonomic}
   size_t InitialHeapSize                          = 264241152                                 {product} {ergonomic}
   size_t MarkStackSize                            = 4194304                                   {product} {ergonomic}
   size_t MaxHeapSize                              = 4227858432                                {product} {ergonomic}
   size_t MaxNewSize                               = 2536505344                                {product} {ergonomic}
   size_t MinHeapDeltaBytes                        = 1048576                                   {product} {ergonomic}
    uintx NonNMethodCodeHeapSize                   = 5830092                                {pd product} {ergonomic}
    uintx NonProfiledCodeHeapSize                  = 122914074                              {pd product} {ergonomic}
    uintx ProfiledCodeHeapSize                     = 122914074                              {pd product} {ergonomic}
    uintx ReservedCodeCacheSize                    = 251658240                              {pd product} {ergonomic}
     bool SegmentedCodeCache                       = true                                      {product} {ergonomic}
     bool UseCompressedClassPointers               = true                                 {lp64_product} {ergonomic}
     bool UseCompressedOops                        = true                                 {lp64_product} {ergonomic}
     bool UseG1GC                                  = true                                      {product} {ergonomic}
     bool UseLargePagesIndividualAllocation        = false                                  {pd product} {ergonomic}

Logging:
Log output configuration:
 #0: stdout all=warning uptime,level,tags
 #1: stderr all=off uptime,level,tags

Environment Variables:
PATH=C:\WINDOWS\system32;C:\WINDOWS;C:\WINDOWS\System32\Wbem;C:\WINDOWS\System32\WindowsPowerShell\v1.0\;C:\WINDOWS\System32\OpenSSH\;C:\Program Files\WindowsPowerShell\Scripts;C:\Users\Computerraum043\AppData\Local\Microsoft\WindowsApps;
USERNAME=Computerraum043
OS=Windows_NT
PROCESSOR_IDENTIFIER=Intel64 Family 6 Model 190 Stepping 0, GenuineIntel



---------------  S Y S T E M  ---------------

OS: Windows 10 , 64 bit Build 22621 (10.0.22621.3527)

CPU:total 4 (initial active 4) (4 cores per cpu, 1 threads per core) family 6 model 190 stepping 0, cmov, cx8, fxsr, mmx, sse, sse2, sse3, ssse3, sse4.1, sse4.2, popcnt, avx, avx2, aes, clmul, erms, 3dnowpref, lzcnt, tsc, tscinvbit, bmi1, bmi2, adx, sha, fma

Memory: 4k page, system-wide physical 16123M (8256M free)
TotalPageFile size 18555M (AvailPageFile size 9339M)
current process WorkingSet (physical memory assigned to process): 234M, peak: 280M
current process commit charge ("private bytes"): 429M, peak: 461M

vm_info: OpenJDK 64-Bit Server VM (11.0.2+9) for windows-amd64 JRE (11.0.2+9), built on Jan 18 2019 05:23:22 by "mach5one" with MS VC++ 15.5 (VS2017)

END.
